<?xml version="1.0" encoding="UTF-8"?>
<!-- Generated by org.testng.reporters.JUnitReportReporter -->
<testsuite hostname="TYSS-Akash-Deb" failures="0" tests="1" name="demo_Module.DemoClassTest" time="9.784" errors="0" timestamp="2023-12-16T16:04:35 IST" skipped="0">
  <testcase classname="demo_Module.DemoClassTest" name="demoTest" time="9.784"/>
</testsuite> <!-- demo_Module.DemoClassTest -->
