<?xml version="1.0" encoding="UTF-8"?>
<!-- Generated by org.testng.reporters.JUnitReportReporter -->
<testsuite hostname="TYSS-Akash-Deb" failures="0" tests="1" name="lead_Module.CreateLeadTest" time="20.240" errors="0" timestamp="30 Dec 2023 08:20:17 GMT" skipped="0">
  <testcase classname="lead_Module.CreateLeadTest" name="createLeadAndVerifyLeadInformationTest" time="20.240"/>
</testsuite> <!-- lead_Module.CreateLeadTest -->
