<?xml version="1.0" encoding="UTF-8"?>
<!-- Generated by org.testng.reporters.JUnitReportReporter -->
<testsuite hostname="TYSS-Akash-Deb" failures="0" tests="1" name="demo_Module.DemoClassTest" time="3.850" errors="0" timestamp="23 Dec 2023 08:19:50 GMT" skipped="0">
  <testcase classname="demo_Module.DemoClassTest" name="demoTest" time="3.850"/>
</testsuite> <!-- demo_Module.DemoClassTest -->
