<?xml version="1.0" encoding="UTF-8"?>
<!-- Generated by org.testng.reporters.JUnitReportReporter -->
<testsuite hostname="TYSS-Akash-Deb" failures="0" tests="1" name="opportunity_Module.ToCreateOpportunityTest" time="16.921" errors="0" timestamp="23 Dec 2023 08:19:50 GMT" skipped="0">
  <testcase classname="opportunity_Module.ToCreateOpportunityTest" name="ToCreateOpportunityWithOrganizationAndCampaignDetailsAndVerifyOpportunityTest" time="16.921"/>
</testsuite> <!-- opportunity_Module.ToCreateOpportunityTest -->
